<?xml version="1.0" encoding="UTF-8"?>
<!-- Generated by org.testng.reporters.JUnitXMLReporter -->
<testsuite hostname="dengsh" name="Default test(failed)" tests="2" failures="1" timestamp="30 Aug 2015 07:34:36 GMT" time="2.369" errors="0">
  <testcase name="run" time="0.017" classname="com.kaikeba.server.api.utils.HTTPRequestTest">
    <failure type="java.lang.NullPointerException">
      <![CDATA[java.lang.NullPointerException
	at com.kaikeba.server.api.utils.HTTPRequestTest.run(HTTPRequestTest.java:63)
... Removed 24 stack frames]]>
    </failure>
  </testcase> <!-- run -->
  <testcase name="run" time="1.913" classname="com.kaikeba.server.api.utils.HTTPRequestTest"/>
</testsuite> <!-- Default test(failed) -->
