<?xml version="1.0" encoding="UTF-8"?>
<!-- Generated by org.testng.reporters.JUnitXMLReporter -->
<testsuite hostname="macosserver.kaikeba.local" name="Default test" tests="1" failures="0" timestamp="31 Aug 2015 11:02:20 GMT" time="0.034" errors="0">
  <testcase name="@BeforeTest initDataPath" time="0.0" classname="com.kaikeba.server.api.utils.HTTPRequestTest">
    <failure type="org.testng.TestNGException" message="
Parameter &amp;apos;path&amp;apos; is required by @Configuration on method initDataPath but has not been marked @Optional or defined
in /private/var/folders/5z/y4f8kb5d5y11sd8lmfgktssw0000gr/T/testng-eclipse-254263082/testng-customsuite.xml">
      <![CDATA[org.testng.TestNGException: 
Parameter 'path' is required by @Configuration on method initDataPath but has not been marked @Optional or defined
in /private/var/folders/5z/y4f8kb5d5y11sd8lmfgktssw0000gr/T/testng-eclipse-254263082/testng-customsuite.xml
	at org.testng.internal.Parameters.createParameters(Parameters.java:155)
	at org.testng.internal.Parameters.createParameters(Parameters.java:358)
	at org.testng.internal.Parameters.createConfigurationParameters(Parameters.java:86)
	at org.testng.internal.Invoker.invokeConfigurations(Invoker.java:199)
	at org.testng.internal.Invoker.invokeConfigurations(Invoker.java:138)
	at org.testng.TestRunner.beforeRun(TestRunner.java:641)
	at org.testng.TestRunner.run(TestRunner.java:609)
	at org.testng.SuiteRunner.runTest(SuiteRunner.java:348)
	at org.testng.SuiteRunner.runSequentially(SuiteRunner.java:343)
	at org.testng.SuiteRunner.privateRun(SuiteRunner.java:305)
	at org.testng.SuiteRunner.run(SuiteRunner.java:254)
	at org.testng.SuiteRunnerWorker.runSuite(SuiteRunnerWorker.java:52)
	at org.testng.SuiteRunnerWorker.run(SuiteRunnerWorker.java:86)
	at org.testng.TestNG.runSuitesSequentially(TestNG.java:1224)
	at org.testng.TestNG.runSuitesLocally(TestNG.java:1149)
	at org.testng.TestNG.run(TestNG.java:1057)
	at org.testng.remote.RemoteTestNG.run(RemoteTestNG.java:111)
	at org.testng.remote.RemoteTestNG.initAndRun(RemoteTestNG.java:204)
	at org.testng.remote.RemoteTestNG.main(RemoteTestNG.java:175)
]]>
    </failure>
  </testcase> <!-- @BeforeTest initDataPath -->
  <testcase name="run" time="0.015" classname="com.kaikeba.server.api.utils.HTTPRequestTest">
    <skipped/>
  </testcase> <!-- run -->
</testsuite> <!-- Default test -->
