<?xml version="1.0" encoding="UTF-8"?>
<!-- Generated by org.testng.reporters.JUnitXMLReporter -->
<testsuite hostname="macosserver.kaikeba.local" name="ApiTest" tests="1" failures="1" timestamp="31 Aug 2015 11:19:19 GMT" time="43.404" errors="0">
  <testcase name="run" time="43.191" classname="com.kaikeba.server.api.utils.HTTPRequestTest">
    <failure type="net.sf.json.JSONException" message="Missing value. at character 223 of {
    &amp;quot;context_id&amp;quot;: 1,
    &amp;quot;context_type&amp;quot;: &amp;quot;Course&amp;quot;,
    &amp;quot;points_possible&amp;quot;: 2.0,
    &amp;quot;question_type&amp;quot;: &amp;quot;multiple_choice&amp;quot;,
    &amp;quot;name&amp;quot;:&amp;quot;测验题&amp;quot;,
    &amp;quot;question_name&amp;quot;:&amp;quot;ceshi&amp;quot;,
    &amp;quot;question_text&amp;quot;:&amp;quot;xxxxxxx&amp;quot;,
    &amp;quot;correct_comments&amp;quot;: ,
    &amp;quot;neutral_comments&amp;quot;: ,
    &amp;quot;incorrect_comments&amp;quot;: ,
    &amp;quot;level&amp;quot;:&amp;quot;low&amp;quot;,
    &amp;quot;quiz_id&amp;quot;:1683,
    &amp;quot;question_data&amp;quot;: ,
    &amp;quot;required&amp;quot;:false,
    &amp;quot;video_time_node&amp;quot;:111111,
    &amp;quot;position&amp;quot;: ,
    &amp;quot;status&amp;quot;: ,
    
    &amp;quot;answers&amp;quot;:[{
        &amp;quot;text&amp;quot;: &amp;quot;答案一&amp;quot;, 
        &amp;quot;comments&amp;quot;:&amp;quot;cccc&amp;quot;,
        &amp;quot;correct&amp;quot;: true,
        &amp;quot;weight&amp;quot;: 0.2,
        &amp;quot;position&amp;quot;: ,
        &amp;quot;status&amp;quot;: 
    },{
        &amp;quot;text&amp;quot;: &amp;quot;答案2&amp;quot;, 
        &amp;quot;comments&amp;quot;:&amp;quot;cccc&amp;quot;,
        &amp;quot;correct&amp;quot;: true,
        &amp;quot;weight&amp;quot;: 0.2,
        &amp;quot;position&amp;quot;: ,
        &amp;quot;status&amp;quot;: 
    }]
}">
      <![CDATA[net.sf.json.JSONException: Missing value. at character 223 of {
    "context_id": 1,
    "context_type": "Course",
    "points_possible": 2.0,
    "question_type": "multiple_choice",
    "name":"测验题",
    "question_name":"ceshi",
    "question_text":"xxxxxxx",
    "correct_comments": ,
    "neutral_comments": ,
    "incorrect_comments": ,
    "level":"low",
    "quiz_id":1683,
    "question_data": ,
    "required":false,
    "video_time_node":111111,
    "position": ,
    "status": ,
    
    "answers":[{
        "text": "答案一", 
        "comments":"cccc",
        "correct": true,
        "weight": 0.2,
        "position": ,
        "status": 
    },{
        "text": "答案2", 
        "comments":"cccc",
        "correct": true,
        "weight": 0.2,
        "position": ,
        "status": 
    }]
}
	at net.sf.json.util.JSONTokener.syntaxError(JSONTokener.java:499)
	at net.sf.json.util.JSONTokener.nextValue(JSONTokener.java:378)
	at net.sf.json.JSONObject._fromJSONTokener(JSONObject.java:1008)
	at net.sf.json.JSONObject._fromString(JSONObject.java:1201)
	at net.sf.json.JSONObject.fromObject(JSONObject.java:165)
	at net.sf.json.JSONObject.fromObject(JSONObject.java:134)
	at com.kaikeba.server.api.utils.HTTPRequestTest.run(HTTPRequestTest.java:70)
... Removed 24 stack frames]]>
    </failure>
  </testcase> <!-- run -->
</testsuite> <!-- ApiTest -->
